<?xml version="1.0" encoding="UTF-8" ?>

<testsuite failures="0" time="0.296" errors="0" skipped="0" tests="2" name="BasicTest">
  <testcase classname="BasicTest" name="aVeryImportantThingToTest" time="0.001">
      </testcase>
  <testcase classname="BasicTest" name="createAndRetrieveUser" time="0.295">
      </testcase>
</testsuite>
